[17:58:09] [ServerMain/INFO]: [bootstrap] Running Java 21 (OpenJDK 64-Bit Server VM 21.0.5+11-Ubuntu-1ubuntu120.04; Ubuntu null) on Linux 6.5.0-1025-azure (amd64)
[17:58:09] [ServerMain/INFO]: [bootstrap] Loading Paper 1.21.3-63-master@4190ee7 (2024-11-25T18:59:19Z) for Minecraft 1.21.3
[17:58:09] [ServerMain/INFO]: [PluginInitializerManager] Initializing plugins...
[17:58:09] [Paper Plugin Remapper Thread - 2/INFO]: [PluginRemapper] Remapping plugin 'plugins/floodgate-spigot.jar'...
[17:58:13] [Paper Plugin Remapper Thread - 2/INFO]: [PluginRemapper] Done remapping plugin 'plugins/floodgate-spigot.jar' in 3720ms.
[17:58:13] [ServerMain/INFO]: [PluginInitializerManager] Initialized 2 plugins
[17:58:13] [ServerMain/INFO]: [PluginInitializerManager] Bukkit plugins (2):
 - Geyser-Spigot (2.5.0-SNAPSHOT), floodgate (2.2.3-SNAPSHOT (b114-83fbd6e))
[17:58:17] [ServerMain/INFO]: Environment: Environment[sessionHost=https://sessionserver.mojang.com, servicesHost=https://api.minecraftservices.com, name=PROD]
[17:58:19] [ServerMain/INFO]: Loaded 1337 recipes
[17:58:19] [ServerMain/INFO]: Loaded 1448 advancements
[17:58:19] [Server thread/INFO]: Starting minecraft server version 1.21.3
[17:58:19] [Server thread/INFO]: Loading properties
[17:58:19] [Server thread/INFO]: This server is running Paper version 1.21.3-63-master@4190ee7 (2024-11-25T18:59:19Z) (Implementing API version 1.21.3-R0.1-SNAPSHOT)
[17:58:20] [Server thread/INFO]: [spark] This server bundles the spark profiler. For more information please visit https://docs.papermc.io/paper/profiling
[17:58:20] [Server thread/INFO]: Server Ping Player Sample Count: 12
[17:58:20] [Server thread/INFO]: Using 4 threads for Netty based IO
[17:58:20] [Server thread/INFO]: [MoonriseCommon] Paper is using 1 worker threads, 1 I/O threads
[17:58:20] [Server thread/INFO]: [ChunkTaskScheduler] Chunk system is using population gen parallelism: true
[17:58:21] [Server thread/INFO]: Default game type: SURVIVAL
[17:58:21] [Server thread/INFO]: Generating keypair
[17:58:21] [Server thread/INFO]: Starting Minecraft server on *:25565
[17:58:21] [Server thread/INFO]: Using epoll channel type
[17:58:21] [Server thread/INFO]: Paper: Using libdeflate (Linux x86_64) compression from Velocity.
[17:58:21] [Server thread/INFO]: Paper: Using OpenSSL 1.1.x (Linux x86_64) cipher from Velocity.
[17:58:21] [Server thread/INFO]: [floodgate] Loading server plugin floodgate v2.2.3-SNAPSHOT (b114-83fbd6e)
[17:58:23] [Server thread/WARN]: [floodgate] en_ is not a supported Floodgate language.
[17:58:23] [Server thread/INFO]: [floodgate] Took 1,817ms to boot Floodgate
[17:58:23] [Server thread/INFO]: [Geyser-Spigot] Loading server plugin Geyser-Spigot v2.5.0-SNAPSHOT
[17:58:24] [Server thread/INFO]: [Geyser-Spigot] Loading extensions...
[17:58:24] [Server thread/INFO]: [Geyser-Spigot] Loaded 0 extension(s)
[17:58:24] [Server thread/INFO]: Server permissions file permissions.yml is empty, ignoring it
[17:58:24] [Server thread/WARN]: **** SERVER IS RUNNING IN OFFLINE/INSECURE MODE!
[17:58:24] [Server thread/WARN]: The server will make no attempt to authenticate usernames. Beware.
[17:58:24] [Server thread/WARN]: While this makes the game possible to play without internet access, it also opens up the ability for hackers to connect with any username they choose.
[17:58:24] [Server thread/WARN]: To change this, set "online-mode" to "true" in the server.properties file.
[17:58:24] [Server thread/INFO]: Preparing level "world"
[17:58:24] [Server thread/INFO]: Preparing start region for dimension minecraft:overworld
[17:58:24] [Server thread/INFO]: Preparing spawn area: 0%
[17:58:25] [Paper Common Worker #0/INFO]: [MCTypeRegistry] Initialising converters for DataConverter...
[17:58:25] [Paper Common Worker #0/INFO]: [MCTypeRegistry] Finished initialising converters for DataConverter in 274.4ms
[17:58:25] [Server thread/INFO]: Preparing spawn area: 2%
[17:58:25] [Server thread/INFO]: Preparing spawn area: 4%
[17:58:25] [Server thread/INFO]: Time elapsed: 1355 ms
[17:58:25] [Server thread/INFO]: Preparing start region for dimension minecraft:the_nether
[17:58:26] [Server thread/INFO]: Preparing spawn area: 0%
[17:58:26] [Server thread/INFO]: Time elapsed: 257 ms
[17:58:26] [Server thread/INFO]: Preparing start region for dimension minecraft:the_end
[17:58:26] [Server thread/INFO]: Preparing spawn area: 0%
[17:58:26] [Server thread/INFO]: Time elapsed: 129 ms
[17:58:26] [Server thread/INFO]: [floodgate] Enabling floodgate v2.2.3-SNAPSHOT (b114-83fbd6e)
[17:58:26] [Server thread/INFO]: [Geyser-Spigot] Enabling Geyser-Spigot v2.5.0-SNAPSHOT
[17:58:27] [Server thread/INFO]: [spark] Starting background profiler...
[17:58:27] [Server thread/INFO]: [Geyser-Spigot] ******************************************
[17:58:27] [Server thread/INFO]: [Geyser-Spigot] 
[17:58:27] [Server thread/INFO]: [Geyser-Spigot] Loading Geyser version 2.5.0-b719 (git-master-c145c3f)
[17:58:27] [Server thread/INFO]: [Geyser-Spigot] 
[17:58:27] [Server thread/INFO]: [Geyser-Spigot] ******************************************
[17:58:31] [epollEventLoopGroup-3-1/INFO]: [Geyser-Spigot] Started Geyser on UDP port 19132
[17:58:31] [Server thread/INFO]: [Geyser-Spigot] Done (4.522s)! Run /geyser help for help!
[17:58:32] [Server thread/INFO]: Done preparing level "world" (7.855s)
[17:58:32] [Server thread/INFO]: Running delayed init tasks
[17:58:32] [Server thread/INFO]: Done (23.511s)! For help, type "help"
[17:58:32] [ForkJoinPool.commonPool-worker-2/WARN]: [Geyser-Spigot] Missing MC locale file: en_us
[17:58:32] [ForkJoinPool.commonPool-worker-3/INFO]: [Geyser-Spigot] Downloading Minecraft JAR to extract required files, please wait... (this may take some time depending on the speed of your internet connection)
[17:58:33] [ForkJoinPool.commonPool-worker-3/INFO]: [Geyser-Spigot] Minecraft JAR has been successfully downloaded and loaded!
[17:59:32] [Server thread/INFO]: Server empty for 60 seconds, pausing
[18:00:08] [Server thread/INFO]: Stopping the server
[18:00:08] [Server thread/INFO]: Stopping server
[18:00:08] [Server thread/INFO]: [Geyser-Spigot] Disabling Geyser-Spigot v2.5.0-SNAPSHOT
[18:00:08] [Server thread/INFO]: [Geyser-Spigot] Shutting down Geyser.
[18:00:08] [Server thread/INFO]: [Geyser-Spigot] Geyser shutdown successfully.
[18:00:08] [Server thread/INFO]: [floodgate] Disabling floodgate v2.2.3-SNAPSHOT (b114-83fbd6e)
[18:00:08] [Server thread/INFO]: Saving players
[18:00:08] [WebSocketConnectReadThread-74/INFO]: [Geyser-Spigot] The skin uploader has been closed
[18:00:08] [Server thread/INFO]: Saving worlds
[18:00:08] [Server thread/INFO]: Saving chunks for level 'ServerLevel[world]'/minecraft:overworld
[18:00:08] [Server thread/INFO]: [ChunkHolderManager] Waiting 60s for chunk system to halt for world 'world'
[18:00:08] [Server thread/INFO]: [ChunkHolderManager] Halted chunk system for world 'world'
[18:00:08] [Server thread/INFO]: [ChunkHolderManager] Saving all chunkholders for world 'world'
[18:00:08] [Server thread/INFO]: [ChunkHolderManager] Saved 0 block chunks, 18 entity chunks, 0 poi chunks in world 'world' in 0.01s
[18:00:08] [Server thread/INFO]: [ChunkHolderManager] Waiting 60s for chunk I/O to halt for world 'world'
[18:00:08] [Server thread/INFO]: [ChunkHolderManager] Halted I/O scheduler for world 'world'
[18:00:08] [Server thread/INFO]: Saving chunks for level 'ServerLevel[world_nether]'/minecraft:the_nether
[18:00:08] [Server thread/INFO]: [ChunkHolderManager] Waiting 60s for chunk system to halt for world 'world_nether'
[18:00:08] [Server thread/INFO]: [ChunkHolderManager] Halted chunk system for world 'world_nether'
[18:00:08] [Server thread/INFO]: [ChunkHolderManager] Saving all chunkholders for world 'world_nether'
[18:00:08] [Server thread/INFO]: [ChunkHolderManager] Saved 0 block chunks, 0 entity chunks, 0 poi chunks in world 'world_nether' in 0.00s
[18:00:08] [Server thread/INFO]: [ChunkHolderManager] Waiting 60s for chunk I/O to halt for world 'world_nether'
[18:00:08] [Server thread/INFO]: [ChunkHolderManager] Halted I/O scheduler for world 'world_nether'
[18:00:08] [Server thread/INFO]: Saving chunks for level 'ServerLevel[world_the_end]'/minecraft:the_end
[18:00:08] [Server thread/INFO]: [ChunkHolderManager] Waiting 60s for chunk system to halt for world 'world_the_end'
[18:00:08] [Server thread/INFO]: [ChunkHolderManager] Halted chunk system for world 'world_the_end'
[18:00:08] [Server thread/INFO]: [ChunkHolderManager] Saving all chunkholders for world 'world_the_end'
[18:00:08] [Server thread/INFO]: [ChunkHolderManager] Saved 0 block chunks, 4 entity chunks, 0 poi chunks in world 'world_the_end' in 0.00s
[18:00:08] [Server thread/INFO]: [ChunkHolderManager] Waiting 60s for chunk I/O to halt for world 'world_the_end'
[18:00:08] [Server thread/INFO]: [ChunkHolderManager] Halted I/O scheduler for world 'world_the_end'
[18:00:08] [Server thread/INFO]: ThreadedAnvilChunkStorage (world): All chunks are saved
[18:00:08] [Server thread/INFO]: ThreadedAnvilChunkStorage (DIM-1): All chunks are saved
[18:00:08] [Server thread/INFO]: ThreadedAnvilChunkStorage (DIM1): All chunks are saved
[18:00:08] [Server thread/INFO]: ThreadedAnvilChunkStorage: All dimensions are saved
[18:00:08] [Server thread/INFO]: Waiting for I/O tasks to complete...
[18:00:08] [Server thread/INFO]: All I/O tasks to complete
[18:00:08] [Server thread/INFO]: [MoonriseCommon] Awaiting termination of worker pool for up to 60s...
[18:00:08] [Server thread/INFO]: [MoonriseCommon] Awaiting termination of I/O pool for up to 60s...
